#
# An unexpected error has occurred (6)
#
Stack:
/lib64/libc.so.6() [0x3dcac326b0]
/lib64/libc.so.6(gsignal+0x35) [0x3dcac32635]
/lib64/libc.so.6(abort+0x175) [0x3dcac33e15]
/home/ttuser/Vivado/2015.1/lib/lnx64.o/libstdc++.so.6(_ZN9__gnu_cxx27__verbose_terminate_handlerEv+0x155) [0x7f16d1e57a95]
/home/ttuser/Vivado/2015.1/lib/lnx64.o/libstdc++.so.6(+0x5dc06) [0x7f16d1e55c06]
/home/ttuser/Vivado/2015.1/lib/lnx64.o/libstdc++.so.6(+0x5ccc9) [0x7f16d1e54cc9]
/home/ttuser/Vivado/2015.1/lib/lnx64.o/libstdc++.so.6(__gxx_personality_v0+0x52a) [0x7f16d1e5587a]
/home/ttuser/Vivado/2015.1/lib/lnx64.o/libgcc_s.so.1(+0xf6d3) [0x7f16d1bf16d3]
/home/ttuser/Vivado/2015.1/lib/lnx64.o/libgcc_s.so.1(_Unwind_RaiseException+0xfb) [0x7f16d1bf1a6b]
/home/ttuser/Vivado/2015.1/lib/lnx64.o/libstdc++.so.6(__cxa_throw+0x51) [0x7f16d1e55e51]
/home/ttuser/Vivado/2015.1/lib/lnx64.o/librdi_synth.so(+0x1add644) [0x7f16a88bf644]
/home/ttuser/Vivado/2015.1/lib/lnx64.o/librdi_synth.so(+0x1a3103f) [0x7f16a881303f]
/home/ttuser/Vivado/2015.1/lib/lnx64.o/librdi_synth.so(NDup::dumpStraps(NDupStraps*, char const*, NDesC*, char const*)+0x71) [0x7f16a84ea471]
/home/ttuser/Vivado/2015.1/lib/lnx64.o/librdi_synth.so(NGenC::dumpDesign(bool) const+0x192) [0x7f16a84f20d2]
/home/ttuser/Vivado/2015.1/lib/lnx64.o/librdi_synth.so(NGenJob::dumpJob(char const*, bool, bool)+0x2bb) [0x7f16a84f4c5b]
/home/ttuser/Vivado/2015.1/lib/lnx64.o/librdi_synth.so(HARTNDb::parallelMap(char const*, bool, char const*, char const*)+0x3a0) [0x7f16a7849650]
/home/ttuser/Vivado/2015.1/lib/lnx64.o/librdi_synth.so(+0xc2d102) [0x7f16a7a0f102]
/home/ttuser/Vivado/2015.1/lib/lnx64.o/librdi_synth.so(+0xaefd35) [0x7f16a78d1d35]
/home/ttuser/Vivado/2015.1/lib/lnx64.o/libtcl8.5.so(+0x331f5) [0x7f16ce18e1f5]
/home/ttuser/Vivado/2015.1/lib/lnx64.o/libtcl8.5.so(+0x34d6b) [0x7f16ce18fd6b]
/home/ttuser/Vivado/2015.1/lib/lnx64.o/libtcl8.5.so(Tcl_EvalEx+0x16) [0x7f16ce190276]
/home/ttuser/Vivado/2015.1/lib/lnx64.o/libtcl8.5.so(TclEvalObjEx+0x213) [0x7f16ce1904c3]
/home/ttuser/Vivado/2015.1/lib/lnx64.o/libtcl8.5.so(+0x3b745) [0x7f16ce196745]
/home/ttuser/Vivado/2015.1/lib/lnx64.o/libtcl8.5.so(+0x331f5) [0x7f16ce18e1f5]
/home/ttuser/Vivado/2015.1/lib/lnx64.o/libtcl8.5.so(+0x76bbe) [0x7f16ce1d1bbe]
/home/ttuser/Vivado/2015.1/lib/lnx64.o/libtcl8.5.so(+0x7e767) [0x7f16ce1d9767]
/home/ttuser/Vivado/2015.1/lib/lnx64.o/libtcl8.5.so(TclEvalObjEx+0x77) [0x7f16ce190327]
/home/ttuser/Vivado/2015.1/lib/lnx64.o/librdi_commontasks.so(+0x2d3057) [0x7f16c5052057]
/home/ttuser/Vivado/2015.1/lib/lnx64.o/libtcl8.5.so(+0x331f5) [0x7f16ce18e1f5]
/home/ttuser/Vivado/2015.1/lib/lnx64.o/libtcl8.5.so(+0x76bbe) [0x7f16ce1d1bbe]
/home/ttuser/Vivado/2015.1/lib/lnx64.o/libtcl8.5.so(TclObjInterpProcCore+0x2fb) [0x7f16ce212b8b]
/home/ttuser/Vivado/2015.1/lib/lnx64.o/libtcl8.5.so(+0x331f5) [0x7f16ce18e1f5]
/home/ttuser/Vivado/2015.1/lib/lnx64.o/libtcl8.5.so(+0x76bbe) [0x7f16ce1d1bbe]
/home/ttuser/Vivado/2015.1/lib/lnx64.o/libtcl8.5.so(TclObjInterpProcCore+0x2fb) [0x7f16ce212b8b]
/home/ttuser/Vivado/2015.1/lib/lnx64.o/libtcl8.5.so(+0x331f5) [0x7f16ce18e1f5]
/home/ttuser/Vivado/2015.1/lib/lnx64.o/libtcl8.5.so(+0x76bbe) [0x7f16ce1d1bbe]
/home/ttuser/Vivado/2015.1/lib/lnx64.o/libtcl8.5.so(+0x7e767) [0x7f16ce1d9767]
/home/ttuser/Vivado/2015.1/lib/lnx64.o/libtcl8.5.so(TclEvalObjEx+0x77) [0x7f16ce190327]
/home/ttuser/Vivado/2015.1/lib/lnx64.o/librdi_commontasks.so(+0x2d3057) [0x7f16c5052057]
/home/ttuser/Vivado/2015.1/lib/lnx64.o/libtcl8.5.so(+0x331f5) [0x7f16ce18e1f5]
/home/ttuser/Vivado/2015.1/lib/lnx64.o/libtcl8.5.so(+0x76bbe) [0x7f16ce1d1bbe]
/home/ttuser/Vivado/2015.1/lib/lnx64.o/libtcl8.5.so(Tcl_ExprObj+0xfb) [0x7f16ce1d933b]
/home/ttuser/Vivado/2015.1/lib/lnx64.o/libtcl8.5.so(Tcl_ExprBooleanObj+0x16) [0x7f16ce18f0c6]
/home/ttuser/Vivado/2015.1/lib/lnx64.o/libtcl8.5.so(+0x3eae8) [0x7f16ce199ae8]
/home/ttuser/Vivado/2015.1/lib/lnx64.o/libtcl8.5.so(+0x331f5) [0x7f16ce18e1f5]
/home/ttuser/Vivado/2015.1/lib/lnx64.o/libtcl8.5.so(+0x34d6b) [0x7f16ce18fd6b]
/home/ttuser/Vivado/2015.1/lib/lnx64.o/libtcl8.5.so(Tcl_EvalEx+0x16) [0x7f16ce190276]
/home/t