#
# An unexpected error has occurred (6)
#
Stack:
/lib64/libc.so.6() [0x3dcac326b0]
/lib64/libc.so.6(gsignal+0x35) [0x3dcac32635]
/lib64/libc.so.6(abort+0x175) [0x3dcac33e15]
/home/ttuser/Vivado/2015.1/lib/lnx64.o/libstdc++.so.6(_ZN9__gnu_cxx27__verbose_terminate_handlerEv+0x155) [0x7ffca72eda95]
/home/ttuser/Vivado/2015.1/lib/lnx64.o/libstdc++.so.6(+0x5dc06) [0x7ffca72ebc06]
/home/ttuser/Vivado/2015.1/lib/lnx64.o/libstdc++.so.6(+0x5ccc9) [0x7ffca72eacc9]
/home/ttuser/Vivado/2015.1/lib/lnx64.o/libstdc++.so.6(__gxx_personality_v0+0x52a) [0x7ffca72eb87a]
/home/ttuser/Vivado/2015.1/lib/lnx64.o/libgcc_s.so.1(+0xf6d3) [0x7ffca70876d3]
/home/ttuser/Vivado/2015.1/lib/lnx64.o/libgcc_s.so.1(_Unwind_RaiseException+0xfb) [0x7ffca7087a6b]
/home/ttuser/Vivado/2015.1/lib/lnx64.o/libstdc++.so.6(__cxa_throw+0x51) [0x7ffca72ebe51]
/home/ttuser/Vivado/2015.1/lib/lnx64.o/librdi_synth.so(+0x1add644) [0x7ffc7dd55644]
/home/ttuser/Vivado/2015.1/lib/lnx64.o/librdi_synth.so(+0x1a3103f) [0x7ffc7dca903f]
/home/ttuser/Vivado/2015.1/lib/lnx64.o/librdi_synth.so(NDup::dumpStraps(NDupStraps*, char const*, NDesC*, char const*)+0x71) [0x7ffc7d980471]
/home/ttuser/Vivado/2015.1/lib/lnx64.o/librdi_synth.so(NGenC::dumpDesign(bool) const+0x192) [0x7ffc7d9880d2]
/home/ttuser/Vivado/2015.1/lib/lnx64.o/librdi_synth.so(NGenJob::dumpJob(char const*, bool, bool)+0x2bb) [0x7ffc7d98ac5b]
/home/ttuser/Vivado/2015.1/lib/lnx64.o/librdi_synth.so(HARTNDb::parallelMap(char const*, bool, char const*, char const*)+0x3a0) [0x7ffc7ccdf650]
/home/ttuser/Vivado/2015.1/lib/lnx64.o/librdi_synth.so(+0xc2d102) [0x7ffc7cea5102]
/home/ttuser/Vivado/2015.1/lib/lnx64.o/librdi_synth.so(+0xaefd35) [0x7ffc7cd67d35]
/home/ttuser/Vivado/2015.1/lib/lnx64.o/libtcl8.5.so(+0x331f5) [0x7ffca36241f5]
/home/ttuser/Vivado/2015.1/lib/lnx64.o/libtcl8.5.so(+0x34d6b) [0x7ffca3625d6b]
/home/ttuser/Vivado/2015.1/lib/lnx64.o/libtcl8.5.so(Tcl_EvalEx+0x16) [0x7ffca3626276]
/home/ttuser/Vivado/2015.1/lib/lnx64.o/libtcl8.5.so(TclEvalObjEx+0x213) [0x7ffca36264c3]
/home/ttuser/Vivado/2015.1/lib/lnx64.o/libtcl8.5.so(+0x3b745) [0x7ffca362c745]
/home/ttuser/Vivado/2015.1/lib/lnx64.o/libtcl8.5.so(+0x331f5) [0x7ffca36241f5]
/home/ttuser/Vivado/2015.1/lib/lnx64.o/libtcl8.5.so(+0x76bbe) [0x7ffca3667bbe]
/home/ttuser/Vivado/2015.1/lib/lnx64.o/libtcl8.5.so(+0x7e767) [0x7ffca366f767]
/home/ttuser/Vivado/2015.1/lib/lnx64.o/libtcl8.5.so(TclEvalObjEx+0x77) [0x7ffca3626327]
/home/ttuser/Vivado/2015.1/lib/lnx64.o/librdi_commontasks.so(+0x2d3057) [0x7ffc9a4e8057]
/home/ttuser/Vivado/2015.1/lib/lnx64.o/libtcl8.5.so(+0x331f5) [0x7ffca36241f5]
/home/ttuser/Vivado/2015.1/lib/lnx64.o/libtcl8.5.so(+0x76bbe) [0x7ffca3667bbe]
/home/ttuser/Vivado/2015.1/lib/lnx64.o/libtcl8.5.so(TclObjInterpProcCore+0x2fb) [0x7ffca36a8b8b]
/home/ttuser/Vivado/2015.1/lib/lnx64.o/libtcl8.5.so(+0x331f5) [0x7ffca36241f5]
/home/ttuser/Vivado/2015.1/lib/lnx64.o/libtcl8.5.so(+0x76bbe) [0x7ffca3667bbe]
/home/ttuser/Vivado/2015.1/lib/lnx64.o/libtcl8.5.so(TclObjInterpProcCore+0x2fb) [0x7ffca36a8b8b]
/home/ttuser/Vivado/2015.1/lib/lnx64.o/libtcl8.5.so(+0x331f5) [0x7ffca36241f5]
/home/ttuser/Vivado/2015.1/lib/lnx64.o/libtcl8.5.so(+0x76bbe) [0x7ffca3667bbe]
/home/ttuser/Vivado/2015.1/lib/lnx64.o/libtcl8.5.so(+0x7e767) [0x7ffca366f767]
/home/ttuser/Vivado/2015.1/lib/lnx64.o/libtcl8.5.so(TclEvalObjEx+0x77) [0x7ffca3626327]
/home/ttuser/Vivado/2015.1/lib/lnx64.o/librdi_commontasks.so(+0x2d3057) [0x7ffc9a4e8057]
/home/ttuser/Vivado/2015.1/lib/lnx64.o/libtcl8.5.so(+0x331f5) [0x7ffca36241f5]
/home/ttuser/Vivado/2015.1/lib/lnx64.o/libtcl8.5.so(+0x76bbe) [0x7ffca3667bbe]
/home/ttuser/Vivado/2015.1/lib/lnx64.o/libtcl8.5.so(Tcl_ExprObj+0xfb) [0x7ffca366f33b]
/home/ttuser/Vivado/2015.1/lib/lnx64.o/libtcl8.5.so(Tcl_ExprBooleanObj+0x16) [0x7ffca36250c6]
/home/ttuser/Vivado/2015.1/lib/lnx64.o/libtcl8.5.so(+0x3eae8) [0x7ffca362fae8]
/home/ttuser/Vivado/2015.1/lib/lnx64.o/libtcl8.5.so(+0x331f5) [0x7ffca36241f5]
/home/ttuser/Vivado/2015.1/lib/lnx64.o/libtcl8.5.so(+0x34d6b) [0x7ffca3625d6b]
/home/ttuser/Vivado/2015.1/lib/lnx64.o/libtcl8.5.so(Tcl_EvalEx+0x16) [0x7ffca3626276]
/home/ttuser/Vivado/2015.1/lib/lnx64.o/libtcl8.5.so(Tcl_FSEvalFileEx+0x1d2) [0x7ffca368ad02]
/home/ttuser/Vivado/2015.1/lib/lnx64.o/librdi_commontasks.so(+0x2f0425) [0x7ffc9a505425]
/home/ttuser/Vivado/2015.1/lib/lnx64.o/librdi_common.so(+0x620fff) [0x7ffca7dbdfff]
/home/ttuser/Vivado/2015.1/lib/lnx64.o/libtcl8.5.so(+0x331f5) [0x7ffca36241f5]
/home/ttuser/Vivado/2015.1/lib/lnx64.o/libtcl8.5.so(+0x76bbe) [0x7ffca3667bbe]
/home/ttuser/Vivado/2015.1/lib/lnx64.o/libtcl8.5.so(+0x7e767) [0x7ffca366f767]
/home/ttuser/Vivado/2015.1/lib/lnx64.o/libtcl8.5.so(TclEvalObjEx+0x77) [0x7ffca3626327]
/home/ttuser/Vivado/2015.1/lib/lnx64.o/libtcl8.5.so(+0xb740f) [0x7ffca36a840f]
/home/ttuser/Vivado/2015.1/lib/lnx64.o/libtcl8.5.so(+0x331f5) [0x7ffca36241f5]
/home/ttuser/Vivado/2015.1/lib/lnx64.o/libtcl8.5.so(+0x76bbe) [0x7ffca3667bbe]
/home/ttuser/Vivado/2015.1/lib/lnx64.o/libtcl8.5.so(+0x7e767) [0x7ffca366f767]
/home/ttuser/Vivado/2015.1/lib/lnx64.o/libtcl8.5.so(TclEvalObjEx+0x77) [0x7ffca3626327]
/home/ttuser/Vivado/2015.1/lib/lnx64.o/librdi_commontasks.so(+0x2d30f4) [0x7ffc9a4e80f4]
/home/ttuser/Vivado/2015.1/lib/lnx64.o/libtcl8.5.so(+0x331f5) [0x7ffca36241f5]
/home/ttuser/Vivado/2015.1/lib/lnx64.o/libtcl8.5.so(+0x34d6b) [0x7ffca3625d6b]
/home/ttuser/Vivado/2015.1/lib/lnx64.o/libtcl8.5.so(+0xad531) [0x7ffca369e531]
/home/ttuser/Vivado/2015.1/lib/lnx64.o/libtcl8.5.so(+0x3491c) [0x7ffca362591c]
/home/ttuser/Vivado/2015.1/lib/lnx64.o/libtcl8.5.so(Tcl_EvalEx+0x16) [0x7ffca3626276]
/home/ttuser/Vivado/2015.1/lib/lnx64.o/libtcl8.5.so(Tcl_FSEvalFileEx+0x1d2) [0x7ffca368ad02]
/home/ttuser/Vivado/2015.1/lib/lnx64.o/librdi_commontasks.so(+0x2f0425) [0x7ffc9a505425]
/home/ttuser/Vivado/2015.1/lib/lnx64.o/librdi_common.so(+0x620fff) [0x7ffca7dbdfff]
/home/ttuser/Vivado/2015.1/lib/lnx64.o/libtcl8.5.so(+0x331f5) [0x7ffca36241f5]
/home/ttuser/Vivado/2015.1/lib/lnx64.o/libtcl8.5.so(Tcl_EvalObjv+0x32) [0x7ffca36247e2]
/home/ttuser/Vivado/2015.1/lib/lnx64.o/libtcl8.5.so(TclEvalObjEx+0x322) [0x7ffca36265d2]
/home/ttuser/Vivado/2015.1/lib/lnx64.o/librdi_common.so(hdi::tcltasks::task_manager::eval_in_tcl(Tcl_Interp*, Tcl_Obj*, char const*, bool)+0x84d) [0x7ffca7dbfa3d]
/home/ttuser/Vivado/2015.1/lib/lnx64.o/librdi_designutils.so(HRTInvoker::inProcessLaunch(HDGUIStatus&)+0x199) [0x7ffc927cc7a9]
/home/ttuser/Vivado/2015.1/lib/lnx64.o/librdi_designutils.so(HRTInvoker::launch(HDGUIStatus&)+0x4b5) [0x7ffc927cd375]
/home/ttuser/Vivado/2015.1/lib/lnx64.o/librdi_vivadotasks.so(+0x201c78) [0x7ffc76d20c78]
/home/ttuser/Vivado/2015.1/lib/lnx64.o/librdi_vivadotasks.so(+0x208a70) [0x7ffc76d27a70]
/home/ttuser/Vivado/2015.1/lib/lnx64.o/librdi_common.so(+0x620fff) [0x7ffca7dbdfff]
/home/ttuser/Vivado/2015.1/lib/lnx64.o/libtcl8.5.so(+0x331f5) [0x7ffca36241f5]
/home/ttuser/Vivado/2015.1/lib/lnx64.o/libtcl8.5.so(+0x34d6b) [0x7ffca3625d6b]
/home/ttuser/Vivado/2015.1/lib/lnx64.o/libtcl8.5.so(Tcl_EvalEx+0x16) [0x7ffca3626276]
/home/ttuser/Vivado/2015.1/lib/lnx64.o/libtcl8.5.so(Tcl_FSEvalFileEx+0x1d2) [0x7ffca368ad02]
/home/ttuser/Vivado/2015.1/lib/lnx64.o/librdi_commontasks.so(+0x2f0425) [0x7ffc9a505425]
/home/ttuser/Vivado/2015.1/lib/lnx64.o/librdi_common.so(+0x620fff) [0x7ffca7dbdfff]
/home/ttuser/Vivado/2015.1/lib/lnx64.o/libtcl8.5.so(+0x331f5) [0x7ffca36241f5]
/home/ttuser/Vivado/2015.1/lib/lnx64.o/libtcl8.5.so(Tcl_EvalObjv+0x32) [0x7ffca36247e2]
/home/ttuser/Vivado/2015.1/lib/lnx64.o/libtcl8.5.so(TclEvalObjEx+0x322) [0x7ffca36265d2]
/home/ttuser/Vivado/2015.1/lib/lnx64.o/librdi_commontasks.so(+0x3074a2) [0x7ffc9a51c4a2]
/home/ttuser/Vivado/2015.1/lib/lnx64.o/librdi_commontasks.so(+0x30dd9d) [0x7ffc9a522d9d]
/home/ttuser/Vivado/2015.1/lib/lnx64.o/librdi_commontasks.so(+0x3078e3) [0x7ffc9a51c8e3]
/home/ttuser/Vivado/2015.1/lib/lnx64.o/librdi_common.so(+0x620fff) [0x7ffca7dbdfff]
/home/ttuser/Vivado/2015.1/lib/lnx64.o/libtcl8.5.so(+0x331f5) [0x7ffca36241f5]
/home/ttuser/Vivado/2015.1/lib/lnx64.o/libtcl8.5.so(Tcl_EvalObjv+0x32) [0x7ffca36247e2]
/home/ttuser/Vivado/2015.1/lib/lnx64.o/libtcl8.5.so(TclEvalObjEx+0x322) [0x7ffca36265d2]
/home/ttuser/Vivado/2015.1/lib/lnx64.o/librdi_commonmain.so(+0x7110) [0x7ffca7598110]
/home/ttuser/Vivado/2015.1/lib/lnx64.o/libtcl8.5.so(Tcl_Main+0x1d5) [0x7ffca3691175]
/home/ttuser/Vivado/2015.1/lib/lnx64.o/librdi_common.so(+0x659c39) [0x7ffca7df6c39]
/lib64/libpthread.so.0() [0x3dcb0079d1]
/lib64/libc.so.6(clone+0x6d) [0x3dcace886d]
