#-----------------------------------------------------------
# Vivado v2015.1 (64-bit)
# SW Build 1215546 on Mon Apr 27 19:07:21 MDT 2015
# IP Build 1209967 on Tue Apr 21 11:39:20 MDT 2015
# Start of session at: Fri Aug 26 07:05:37 2016
# Process ID: 20042
# Log file: /home/xilinx/PRB/PRBF2_V6_32b_ila_V2_modtomeettiming_DelayPRBFrawto2_Zhendata_newformatting/vivado.log
# Journal file: /home/xilinx/PRB/PRBF2_V6_32b_ila_V2_modtomeettiming_DelayPRBFrawto2_Zhendata_newformatting/vivado.jou
#-----------------------------------------------------------
start_gui
open_project /home/xilinx/PRB/PRBF2_V6_32b_ila_V2_modtomeettiming_DelayPRBFrawto2_Zhendata_newformatting/PRBF2_V6_32b/PRBF2_V6_32b.xpr
Scanning sources...
Finished scanning sources
INFO: [IP_Flow 19-234] Refreshing IP repositories
INFO: [IP_Flow 19-1704] No user IP repositories specified
INFO: [IP_Flow 19-2313] Loaded Vivado IP repository '/home/xilinx/Vivado/2015.1/data/ip'.
open_project: Time (s): cpu = 00:00:22 ; elapsed = 00:03:48 . Memory (MB): peak = 5948.777 ; gain = 203.922 ; free physical = 10806 ; free virtual = 28167
launch_runs impl_1 -to_step write_bitstream
[Fri Aug 26 07:13:27 2016] Launched synth_1...
Run output will be captured here: /home/xilinx/PRB/PRBF2_V6_32b_ila_V2_modtomeettiming_DelayPRBFrawto2_Zhendata_newformatting/PRBF2_V6_32b/PRBF2_V6_32b.runs/synth_1/runme.log
[Fri Aug 26 07:13:27 2016] Launched impl_1...
Run output will be captured here: /home/xilinx/PRB/PRBF2_V6_32b_ila_V2_modtomeettiming_DelayPRBFrawto2_Zhendata_newformatting/PRBF2_V6_32b/PRBF2_V6_32b.runs/impl_1/runme.log
launch_runs: Time (s): cpu = 00:00:00.48 ; elapsed = 00:00:08 . Memory (MB): peak = 5950.781 ; gain = 0.004 ; free physical = 10759 ; free virtual = 28121
