#-----------------------------------------------------------
# Vivado v2015.1 (64-bit)
# SW Build 1215546 on Mon Apr 27 19:07:21 MDT 2015
# IP Build 1209967 on Tue Apr 21 11:39:20 MDT 2015
# Start of session at: Wed Aug 31 08:23:38 2016
# Process ID: 28406
# Log file: /home/xilinx/PRB/PRBF2_V6_32b_ila_V2_modtomeettiming_DelayPRBFrawto2_Zhendata_newformatting/vivado.log
# Journal file: /home/xilinx/PRB/PRBF2_V6_32b_ila_V2_modtomeettiming_DelayPRBFrawto2_Zhendata_newformatting/vivado.jou
#-----------------------------------------------------------
start_gui
open_project /home/xilinx/PRB/PRBF2_V6_32b_ila_V2_modtomeettiming_DelayPRBFrawto2_Zhendata_newformatting/PRBF2_V6_32b/PRBF2_V6_32b.xpr
Scanning sources...
Finished scanning sources
INFO: [IP_Flow 19-234] Refreshing IP repositories
INFO: [IP_Flow 19-1704] No user IP repositories specified
INFO: [IP_Flow 19-2313] Loaded Vivado IP repository '/home/xilinx/Vivado/2015.1/data/ip'.
open_project: Time (s): cpu = 00:00:23 ; elapsed = 00:01:42 . Memory (MB): peak = 5966.398 ; gain = 204.441 ; free physical = 14610 ; free virtual = 32940
WARNING: [IP_Flow 19-4067] Ignoring invalid widget type specified checkbox.Providing a default widget
set_property -dict [list CONFIG.C_PROBE20_WIDTH {35} CONFIG.C_PROBE17_WIDTH {39} CONFIG.C_PROBE16_WIDTH {39} CONFIG.C_PROBE15_WIDTH {32} CONFIG.C_PROBE14_WIDTH {32} CONFIG.C_PROBE12_WIDTH {35} CONFIG.C_PROBE11_WIDTH {35} CONFIG.C_PROBE10_WIDTH {35} CONFIG.C_NUM_OF_PROBES {24} CONFIG.C_PROBE31_WIDTH {1} CONFIG.C_PROBE30_WIDTH {1} CONFIG.C_PROBE29_WIDTH {1} CONFIG.C_PROBE28_WIDTH {1} CONFIG.C_PROBE27_WIDTH {1} CONFIG.C_PROBE26_WIDTH {1} CONFIG.C_PROBE25_WIDTH {1} CONFIG.C_PROBE24_WIDTH {1}] [get_ips ila_stub]
generate_target all [get_files  /home/xilinx/PRB/PRBF2_V6_32b_ila_V2_modtomeettiming_DelayPRBFrawto2_Zhendata_newformatting/PRBF2_V6_32b/PRBF2_V6_32b.srcs/sources_1/ip/ila_stub/ila_stub.xci]
INFO: [IP_Flow 19-1686] Generating 'Instantiation Template' target for IP 'ila_stub'...
INFO: [IP_Flow 19-1686] Generating 'Synthesis' target for IP 'ila_stub'...
INFO: [IP_Flow 19-1686] Generating 'Simulation' target for IP 'ila_stub'...
INFO: [IP_Flow 19-1686] Generating 'Change Log' target for IP 'ila_stub'...
reset_run ila_stub_synth_1
launch_run -jobs 4 ila_stub_synth_1
[Wed Aug 31 08:31:27 2016] Launched ila_stub_synth_1...
Run output will be captured here: /home/xilinx/PRB/PRBF2_V6_32b_ila_V2_modtomeettiming_DelayPRBFrawto2_Zhendata_newformatting/PRBF2_V6_32b/PRBF2_V6_32b.runs/ila_stub_synth_1/runme.log
exit
INFO: [Common 17-206] Exiting Vivado at Wed Aug 31 08:35:11 2016...
