
*** Running vivado
    with args -log c_shift_ram_20d_1b.vds -m64 -mode batch -messageDb vivado.pb -notrace -source c_shift_ram_20d_1b.tcl


****** Vivado v2015.1 (64-bit)
  **** SW Build 1215546 on Mon Apr 27 19:07:21 MDT 2015
  **** IP Build 1209967 on Tue Apr 21 11:39:20 MDT 2015
    ** Copyright 1986-2015 Xilinx, Inc. All Rights Reserved.

source c_shift_ram_20d_1b.tcl -notrace
INFO: [IP_Flow 19-234] Refreshing IP repositories
INFO: [IP_Flow 19-1704] No user IP repositories specified
INFO: [IP_Flow 19-2313] Loaded Vivado IP repository '/home/xilinx/Vivado/2015.1/data/ip'.
WARNING: [IP_Flow 19-3664] IP 'c_shift_ram_20d_1b' generated file not found '/home/xilinx/PRB/PRBF2_V6_32b_ila_V2_modtomeettiming_DelayPRBFrawto2_Zhendata_newformatting/PRBF2_V6_32b/PRBF2_V6_32b.srcs/sources_1/ip/c_shift_ram_20d_1b/c_shift_ram_20d_1b.dcp'. Please regenerate to continue.
WARNING: [IP_Flow 19-3664] IP 'c_shift_ram_20d_1b' generated file not found '/home/xilinx/PRB/PRBF2_V6_32b_ila_V2_modtomeettiming_DelayPRBFrawto2_Zhendata_newformatting/PRBF2_V6_32b/PRBF2_V6_32b.srcs/sources_1/ip/c_shift_ram_20d_1b/c_shift_ram_20d_1b_stub.v'. Please regenerate to continue.
WARNING: [IP_Flow 19-3664] IP 'c_shift_ram_20d_1b' generated file not found '/home/xilinx/PRB/PRBF2_V6_32b_ila_V2_modtomeettiming_DelayPRBFrawto2_Zhendata_newformatting/PRBF2_V6_32b/PRBF2_V6_32b.srcs/sources_1/ip/c_shift_ram_20d_1b/c_shift_ram_20d_1b_stub.vhdl'. Please regenerate to continue.
WARNING: [IP_Flow 19-3664] IP 'c_shift_ram_20d_1b' generated file not found '/home/xilinx/PRB/PRBF2_V6_32b_ila_V2_modtomeettiming_DelayPRBFrawto2_Zhendata_newformatting/PRBF2_V6_32b/PRBF2_V6_32b.srcs/sources_1/ip/c_shift_ram_20d_1b/c_shift_ram_20d_1b_funcsim.v'. Please regenerate to continue.
WARNING: [IP_Flow 19-3664] IP 'c_shift_ram_20d_1b' generated file not found '/home/xilinx/PRB/PRBF2_V6_32b_ila_V2_modtomeettiming_DelayPRBFrawto2_Zhendata_newformatting/PRBF2_V6_32b/PRBF2_V6_32b.srcs/sources_1/ip/c_shift_ram_20d_1b/c_shift_ram_20d_1b_funcsim.vhdl'. Please regenerate to continue.
Command: synth_design -top c_shift_ram_20d_1b -part xc7vx690tffg1927-2 -mode out_of_context
Starting synth_design
Attempting to get a license for feature 'Synthesis' and/or device 'xc7vx690t'
INFO: [Common 17-349] Got license for feature 'Synthesis' and/or device 'xc7vx690t'
INFO: [Common 17-1223] The version limit for your license is '2016.08' and will expire in 0 days. A version limit expiration means that, although you may be able to continue to use the current version of tools or IP with this license, you will not be eligible for any updates or new releases.
---------------------------------------------------------------------------------
Starting RTL Elaboration : Time (s): cpu = 00:00:05 ; elapsed = 00:00:06 . Memory (MB): peak = 1036.727 ; gain = 153.461 ; free physical = 8023 ; free virtual = 20391
---------------------------------------------------------------------------------
INFO: [Synth 8-638] synthesizing module 'c_shift_ram_20d_1b' [/home/xilinx/PRB/PRBF2_V6_32b_ila_V2_modtomeettiming_DelayPRBFrawto2_Zhendata_newformatting/PRBF2_V6_32b/PRBF2_V6_32b.srcs/sources_1/ip/c_shift_ram_20d_1b/synth/c_shift_ram_20d_1b.vhd:67]
INFO: [Synth 8-3491] module 'c_shift_ram_v12_0' declared at '/home/xilinx/PRB/PRBF2_V6_32b_ila_V2_modtomeettiming_DelayPRBFrawto2_Zhendata_newformatting/PRBF2_V6_32b/PRBF2_V6_32b.srcs/sources_1/ip/c_shift_ram_20d_1b/c_shift_ram_v12_0/hdl/c_shift_ram_v12_0.vhd:109' bound to instance 'U0' of component 'c_shift_ram_v12_0' [/home/xilinx/PRB/PRBF2_V6_32b_ila_V2_modtomeettiming_DelayPRBFrawto2_Zhendata_newformatting/PRBF2_V6_32b/PRBF2_V6_32b.srcs/sources_1/ip/c_shift_ram_20d_1b/synth/c_shift_ram_20d_1b.vhd:118]
INFO: [Synth 8-638] synthesizing module 'c_shift_ram_v12_0' [/home/xilinx/PRB/PRBF2_V6_32b_ila_V2_modtomeettiming_DelayPRBFrawto2_Zhendata_newformatting/PRBF2_V6_32b/PRBF2_V6_32b.srcs/sources_1/ip/c_shift_ram_20d_1b/c_shift_ram_v12_0/hdl/c_shift_ram_v12_0.vhd:148]
INFO: [Synth 8-3491] module 'c_shift_ram_v12_0_viv' declared at '/home/xilinx/PRB/PRBF2_V6_32b_ila_V2_modtomeettiming_DelayPRBFrawto2_Zhendata_newformatting/PRBF2_V6_32b/PRBF2_V6_32b.srcs/sources_1/ip/c_shift_ram_20d_1b/c_shift_ram_v12_0/hdl/c_shift_ram_v12_0_vh_rfs.vhd:2485' bound to instance 'i_synth' of component 'c_shift_ram_v12_0_viv' [/home/xilinx/PRB/PRBF2_V6_32b_ila_V2_modtomeettiming_DelayPRBFrawto2_Zhendata_newformatting/PRBF2_V6_32b/PRBF2_V6_32b.srcs/sources_1/ip/c_shift_ram_20d_1b/c_shift_ram_v12_0/hdl/c_shift_ram_v12_0.vhd:166]
INFO: [Synth 8-638] synthesizing module 'c_shift_ram_v12_0_viv' [/home/xilinx/PRB/PRBF2_V6_32b_ila_V2_modtomeettiming_DelayPRBFrawto2_Zhendata_newformatting/PRBF2_V6_32b/PRBF2_V6_32b.srcs/sources_1/ip/c_shift_ram_20d_1b/c_shift_ram_v12_0/hdl/c_shift_ram_v12_0_vh_rfs.vhd:2535]
INFO: [Synth 8-638] synthesizing module 'c_shift_ram_v12_0_legacy' [/home/xilinx/PRB/PRBF2_V6_32b_ila_V2_modtomeettiming_DelayPRBFrawto2_Zhendata_newformatting/PRBF2_V6_32b/PRBF2_V6_32b.srcs/sources_1/ip/c_shift_ram_20d_1b/c_shift_ram_v12_0/hdl/c_shift_ram_v12_0_vh_rfs.vhd:1539]
WARNING: [Synth 8-312] ignoring unsynthesizable construct: assertion statement [/home/xilinx/PRB/PRBF2_V6_32b_ila_V2_modtomeettiming_DelayPRBFrawto2_Zhendata_newformatting/PRBF2_V6_32b/PRBF2_V6_32b.srcs/sources_1/ip/c_shift_ram_20d_1b/c_shift_ram_v12_0/hdl/c_shift_ram_v12_0_vh_rfs.vhd:576]
WARNING: [Synth 8-312] ignoring unsynthesizable construct: assertion statement [/home/xilinx/PRB/PRBF2_V6_32b_ila_V2_modtomeettiming_DelayPRBFrawto2_Zhendata_newformatting/PRBF2_V6_32b/PRBF2_V6_32b.srcs/sources_1/ip/c_shift_ram_20d_1b/c_shift_ram_v12_0/hdl/c_shift_ram_v12_0_vh_rfs.vhd:579]
WARNING: [Synth 8-312] ignoring unsynthesizable construct: assertion statement [/home/xilinx/PRB/PRBF2_V6_32b_ila_V2_modtomeettiming_DelayPRBFrawto2_Zhendata_newformatting/PRBF2_V6_32b/PRBF2_V6_32b.srcs/sources_1/ip/c_shift_ram_20d_1b/c_shift_ram_v12_0/hdl/c_shift_ram_v12_0_vh_rfs.vhd:580]
WARNING: [Synth 8-312] ignoring unsynthesizable construct: assertion statement [/home/xilinx/PRB/PRBF2_V6_32b_ila_V2_modtomeettiming_DelayPRBFrawto2_Zhendata_newformatting/PRBF2_V6_32b/PRBF2_V6_32b.srcs/sources_1/ip/c_shift_ram_20d_1b/c_shift_ram_v12_0/hdl/c_shift_ram_v12_0_vh_rfs.vhd:581]
WARNING: [Synth 8-312] ignoring unsynthesizable construct: assertion statement [/home/xilinx/PRB/PRBF2_V6_32b_ila_V2_modtomeettiming_DelayPRBFrawto2_Zhendata_newformatting/PRBF2_V6_32b/PRBF2_V6_32b.srcs/sources_1/ip/c_shift_ram_20d_1b/c_shift_ram_v12_0/hdl/c_shift_ram_v12_0_vh_rfs.vhd:582]
WARNING: [Synth 8-312] ignoring unsynthesizable construct: assertion statement [/home/xilinx/PRB/PRBF2_V6_32b_ila_V2_modtomeettiming_DelayPRBFrawto2_Zhendata_newformatting/PRBF2_V6_32b/PRBF2_V6_32b.srcs/sources_1/ip/c_shift_ram_20d_1b/c_shift_ram_v12_0/hdl/c_shift_ram_v12_0_vh_rfs.vhd:583]
WARNING: [Synth 8-312] ignoring unsynthesizable construct: assertion statement [/home/xilinx/PRB/PRBF2_V6_32b_ila_V2_modtomeettiming_DelayPRBFrawto2_Zhendata_newformatting/PRBF2_V6_32b/PRBF2_V6_32b.srcs/sources_1/ip/c_shift_ram_20d_1b/c_shift_ram_v12_0/hdl/c_shift_ram_v12_0_vh_rfs.vhd:584]
WARNING: [Synth 8-312] ignoring unsynthesizable construct: assertion statement [/home/xilinx/PRB/PRBF2_V6_32b_ila_V2_modtomeettiming_DelayPRBFrawto2_Zhendata_newformatting/PRBF2_V6_32b/PRBF2_V6_32b.srcs/sources_1/ip/c_shift_ram_20d_1b/c_shift_ram_v12_0/hdl/c_shift_ram_v12_0_vh_rfs.vhd:585]
WARNING: [Synth 8-312] ignoring unsynthesizable construct: assertion statement [/home/xilinx/PRB/PRBF2_V6_32b_ila_V2_modtomeettiming_DelayPRBFrawto2_Zhendata_newformatting/PRBF2_V6_32b/PRBF2_V6_32b.srcs/sources_1/ip/c_shift_ram_20d_1b/c_shift_ram_v12_0/hdl/c_shift_ram_v12_0_vh_rfs.vhd:586]
WARNING: [Synth 8-312] ignoring unsynthesizable construct: assertion statement [/home/xilinx/PRB/PRBF2_V6_32b_ila_V2_modtomeettiming_DelayPRBFrawto2_Zhendata_newformatting/PRBF2_V6_32b/PRBF2_V6_32b.srcs/sources_1/ip/c_shift_ram_20d_1b/c_shift_ram_v12_0/hdl/c_shift_ram_v12_0_vh_rfs.vhd:587]
WARNING: [Synth 8-312] ignoring unsynthesizable construct: assertion statement [/home/xilinx/PRB/PRBF2_V6_32b_ila_V2_modtomeettiming_DelayPRBFrawto2_Zhendata_newformatting/PRBF2_V6_32b/PRBF2_V6_32b.srcs/sources_1/ip/c_shift_ram_20d_1b/c_shift_ram_v12_0/hdl/c_shift_ram_v12_0_vh_rfs.vhd:588]
WARNING: [Synth 8-312] ignoring unsynthesizable construct: assertion statement [/home/xilinx/PRB/PRBF2_V6_32b_ila_V2_modtomeettiming_DelayPRBFrawto2_Zhendata_newformatting/PRBF2_V6_32b/PRBF2_V6_32b.srcs/sources_1/ip/c_shift_ram_20d_1b/c_shift_ram_v12_0/hdl/c_shift_ram_v12_0_vh_rfs.vhd:589]
WARNING: [Synth 8-312] ignoring unsynthesizable construct: assertion statement [/home/xilinx/PRB/PRBF2_V6_32b_ila_V2_modtomeettiming_DelayPRBFrawto2_Zhendata_newformatting/PRBF2_V6_32b/PRBF2_V6_32b.srcs/sources_1/ip/c_shift_ram_20d_1b/c_shift_ram_v12_0/hdl/c_shift_ram_v12_0_vh_rfs.vhd:590]
WARNING: [Synth 8-312] ignoring unsynthesizable construct: assertion statement [/home/xilinx/PRB/PRBF2_V6_32b_ila_V2_modtomeettiming_DelayPRBFrawto2_Zhendata_newformatting/PRBF2_V6_32b/PRBF2_V6_32b.srcs/sources_1/ip/c_shift_ram_20d_1b/c_shift_ram_v12_0/hdl/c_shift_ram_v12_0_vh_rfs.vhd:591]
WARNING: [Synth 8-312] ignoring unsynthesizable construct: assertion statement [/home/xilinx/PRB/PRBF2_V6_32b_ila_V2_modtomeettiming_DelayPRBFrawto2_Zhendata_newformatting/PRBF2_V6_32b/PRBF2_V6_32b.srcs/sources_1/ip/c_shift_ram_20d_1b/c_shift_ram_v12_0/hdl/c_shift_ram_v12_0_vh_rfs.vhd:592]
WARNING: [Synth 8-312] ignoring unsynthesizable construct: assertion statement [/home/xilinx/PRB/PRBF2_V6_32b_ila_V2_modtomeettiming_DelayPRBFrawto2_Zhendata_newformatting/PRBF2_V6_32b/PRBF2_V6_32b.srcs/sources_1/ip/c_shift_ram_20d_1b/c_shift_ram_v12_0/hdl/c_shift_ram_v12_0_vh_rfs.vhd:594]
WARNING: [Synth 8-312] ignoring unsynthesizable construct: assertion statement [/home/xilinx/PRB/PRBF2_V6_32b_ila_V2_modtomeettiming_DelayPRBFrawto2_Zhendata_newformatting/PRBF2_V6_32b/PRBF2_V6_32b.srcs/sources_1/ip/c_shift_ram_20d_1b/c_shift_ram_v12_0/hdl/c_shift_ram_v12_0_vh_rfs.vhd:602]
WARNING: [Synth 8-312] ignoring unsynthesizable construct: assertion statement [/home/xilinx/PRB/PRBF2_V6_32b_ila_V2_modtomeettiming_DelayPRBFrawto2_Zhendata_newformatting/PRBF2_V6_32b/PRBF2_V6_32b.srcs/sources_1/ip/c_shift_ram_20d_1b/c_shift_ram_v12_0/hdl/c_shift_ram_v12_0_vh_rfs.vhd:605]
WARNING: [Synth 8-312] ignoring unsynthesizable construct: assertion statement [/home/xilinx/PRB/PRBF2_V6_32b_ila_V2_modtomeettiming_DelayPRBFrawto2_Zhendata_newformatting/PRBF2_V6_32b/PRBF2_V6_32b.srcs/sources_1/ip/c_shift_ram_20d_1b/c_shift_ram_v12_0/hdl/c_shift_ram_v12_0_vh_rfs.vhd:632]
WARNING: [Synth 8-312] ignoring unsynthesizable construct: assertion statement [/home/xilinx/PRB/PRBF2_V6_32b_ila_V2_modtomeettiming_DelayPRBFrawto2_Zhendata_newformatting/PRBF2_V6_32b/PRBF2_V6_32b.srcs/sources_1/ip/c_shift_ram_20d_1b/xbip_utils_v3_0/hdl/xbip_utils_v3_0_vh_rfs.vhd:581]
WARNING: [Synth 8-312] ignoring unsynthesizable construct: assertion statement [/home/xilinx/PRB/PRBF2_V6_32b_ila_V2_modtomeettiming_DelayPRBFrawto2_Zhendata_newformatting/PRBF2_V6_32b/PRBF2_V6_32b.srcs/sources_1/ip/c_shift_ram_20d_1b/xbip_utils_v3_0/hdl/xbip_utils_v3_0_vh_rfs.vhd:584]
WARNING: [Synth 8-312] ignoring unsynthesizable construct: assertion statement [/home/xilinx/PRB/PRBF2_V6_32b_ila_V2_modtomeettiming_DelayPRBFrawto2_Zhendata_newformatting/PRBF2_V6_32b/PRBF2_V6_32b.srcs/sources_1/ip/c_shift_ram_20d_1b/c_shift_ram_v12_0/hdl/c_shift_ram_v12_0_vh_rfs.vhd:1636]
WARNING: [Synth 8-312] ignoring unsynthesizable construct: assertion statement [/home/xilinx/PRB/PRBF2_V6_32b_ila_V2_modtomeettiming_DelayPRBFrawto2_Zhendata_newformatting/PRBF2_V6_32b/PRBF2_V6_32b.srcs/sources_1/ip/c_shift_ram_20d_1b/c_shift_ram_v12_0/hdl/c_shift_ram_v12_0_vh_rfs.vhd:1637]
WARNING: [Synth 8-312] ignoring unsynthesizable construct: assertion statement [/home/xilinx/PRB/PRBF2_V6_32b_ila_V2_modtomeettiming_DelayPRBFrawto2_Zhendata_newformatting/PRBF2_V6_32b/PRBF2_V6_32b.srcs/sources_1/ip/c_shift_ram_20d_1b/c_shift_ram_v12_0/hdl/c_shift_ram_v12_0_vh_rfs.vhd:1645]
INFO: [Synth 8-5534] Detected attribute (* shreg_extract = "yes" *) [/home/xilinx/PRB/PRBF2_V6_32b_ila_V2_modtomeettiming_DelayPRBFrawto2_Zhendata_newformatting/PRBF2_V6_32b/PRBF2_V6_32b.srcs/sources_1/ip/c_shift_ram_20d_1b/c_shift_ram_v12_0/hdl/c_shift_ram_v12_0_vh_rfs.vhd:2043]
INFO: [Synth 8-256] done synthesizing module 'c_shift_ram_v12_0_legacy' (1#1) [/home/xilinx/PRB/PRBF2_V6_32b_ila_V2_modtomeettiming_DelayPRBFrawto2_Zhendata_newformatting/PRBF2_V6_32b/PRBF2_V6_32b.srcs/sources_1/ip/c_shift_ram_20d_1b/c_shift_ram_v12_0/hdl/c_shift_ram_v12_0_vh_rfs.vhd:1539]
INFO: [Synth 8-256] done synthesizing module 'c_shift_ram_v12_0_viv' (2#1) [/home/xilinx/PRB/PRBF2_V6_32b_ila_V2_modtomeettiming_DelayPRBFrawto2_Zhendata_newformatting/PRBF2_V6_32b/PRBF2_V6_32b.srcs/sources_1/ip/c_shift_ram_20d_1b/c_shift_ram_v12_0/hdl/c_shift_ram_v12_0_vh_rfs.vhd:2535]
INFO: [Synth 8-256] done synthesizing module 'c_shift_ram_v12_0' (3#1) [/home/xilinx/PRB/PRBF2_V6_32b_ila_V2_modtomeettiming_DelayPRBFrawto2_Zhendata_newformatting/PRBF2_V6_32b/PRBF2_V6_32b.srcs/sources_1/ip/c_shift_ram_20d_1b/c_shift_ram_v12_0/hdl/c_shift_ram_v12_0.vhd:148]
INFO: [Synth 8-256] done synthesizing module 'c_shift_ram_20d_1b' (4#1) [/home/xilinx/PRB/PRBF2_V6_32b_ila_V2_modtomeettiming_DelayPRBFrawto2_Zhendata_newformatting/PRBF2_V6_32b/PRBF2_V6_32b.srcs/sources_1/ip/c_shift_ram_20d_1b/synth/c_shift_ram_20d_1b.vhd:67]
---------------------------------------------------------------------------------
Finished RTL Elaboration : Time (s): cpu = 00:00:08 ; elapsed = 00:00:09 . Memory (MB): peak = 1076.012 ; gain = 192.746 ; free physical = 7351 ; free virtual = 19719
---------------------------------------------------------------------------------

Report Check Netlist: 
+------+------------------+-------+---------+-------+------------------+
|      |Item              |Errors |Warnings |Status |Description       |
+------+------------------+-------+---------+-------+------------------+
|1     |multi_driven_nets |      0|        0|Passed |Multi driven nets |
+------+------------------+-------+---------+-------+------------------+
---------------------------------------------------------------------------------
Finished RTL Optimization Phase 1 : Time (s): cpu = 00:00:09 ; elapsed = 00:00:09 . Memory (MB): peak = 1076.012 ; gain = 192.746 ; free physical = 8546 ; free virtual = 20914
---------------------------------------------------------------------------------
INFO: [Device 21-403] Loading part xc7vx690tffg1927-2
INFO: [Project 1-570] Preparing netlist for logic optimization

Processing XDC Constraints
Initializing timing engine
Parsing XDC File [/home/xilinx/PRB/PRBF2_V6_32b_ila_V2_modtomeettiming_DelayPRBFrawto2_Zhendata_newformatting/PRBF2_V6_32b/PRBF2_V6_32b.srcs/sources_1/ip/c_shift_ram_20d_1b/c_shift_ram_20d_1b_ooc.xdc] for cell 'U0'
Finished Parsing XDC File [/home/xilinx/PRB/PRBF2_V6_32b_ila_V2_modtomeettiming_DelayPRBFrawto2_Zhendata_newformatting/PRBF2_V6_32b/PRBF2_V6_32b.srcs/sources_1/ip/c_shift_ram_20d_1b/c_shift_ram_20d_1b_ooc.xdc] for cell 'U0'
Parsing XDC File [/home/xilinx/PRB/PRBF2_V6_32b_ila_V2_modtomeettiming_DelayPRBFrawto2_Zhendata_newformatting/PRBF2_V6_32b/PRBF2_V6_32b.runs/c_shift_ram_20d_1b_synth_1/dont_touch.xdc]
Finished Parsing XDC File [/home/xilinx/PRB/PRBF2_V6_32b_ila_V2_modtomeettiming_DelayPRBFrawto2_Zhendata_newformatting/PRBF2_V6_32b/PRBF2_V6_32b.runs/c_shift_ram_20d_1b_synth_1/dont_touch.xdc]
Completed Processing XDC Constraints

INFO: [Project 1-111] Unisim Transformation Summary:
No Unisim elements were transformed.

Constraint Validation Runtime : Time (s): cpu = 00:00:00 ; elapsed = 00:00:00 . Memory (MB): peak = 1567.332 ; gain = 0.000 ; free physical = 7954 ; free virtual = 20322
---------------------------------------------------------------------------------
Finished Constraint Validation : Time (s): cpu = 00:00:21 ; elapsed = 00:00:21 . Memory (MB): peak = 1567.332 ; gain = 684.066 ; free physical = 7920 ; free virtual = 20288
---------------------------------------------------------------------------------
---------------------------------------------------------------------------------
Start Loading Part and Timing Information
---------------------------------------------------------------------------------
Loading part: xc7vx690tffg1927-2
---------------------------------------------------------------------------------
Finished Loading Part and Timing Information : Time (s): cpu = 00:00:21 ; elapsed = 00:00:21 . Memory (MB): peak = 1567.332 ; gain = 684.066 ; free physical = 7920 ; free virtual = 20288
---------------------------------------------------------------------------------
---------------------------------------------------------------------------------
Start Applying 'set_property' XDC Constraints
---------------------------------------------------------------------------------
Applied set_property DONT_TOUCH = true for U0. (constraint file  /home/xilinx/PRB/PRBF2_V6_32b_ila_V2_modtomeettiming_DelayPRBFrawto2_Zhendata_newformatting/PRBF2_V6_32b/PRBF2_V6_32b.runs/c_shift_ram_20d_1b_synth_1/dont_touch.xdc, line 9).
---------------------------------------------------------------------------------
Finished applying 'set_property' XDC Constraints : Time (s): cpu = 00:00:21 ; elapsed = 00:00:21 . Memory (MB): peak = 1567.332 ; gain = 684.066 ; free physical = 7920 ; free virtual = 20288
---------------------------------------------------------------------------------
---------------------------------------------------------------------------------
Finished RTL Optimization Phase 2 : Time (s): cpu = 00:00:21 ; elapsed = 00:00:22 . Memory (MB): peak = 1567.332 ; gain = 684.066 ; free physical = 7916 ; free virtual = 20284
---------------------------------------------------------------------------------

Report RTL Partitions: 
+-+--------------+------------+----------+
| |RTL Partition |Replication |Instances |
+-+--------------+------------+----------+
+-+--------------+------------+----------+
---------------------------------------------------------------------------------
Start RTL Component Statistics 
---------------------------------------------------------------------------------
---------------------------------------------------------------------------------
Finished RTL Component Statistics 
---------------------------------------------------------------------------------
---------------------------------------------------------------------------------
Start RTL Hierarchical Component Statistics 
---------------------------------------------------------------------------------
---------------------------------------------------------------------------------
Finished RTL Hierarchical Component Statistics
---------------------------------------------------------------------------------
---------------------------------------------------------------------------------
Start Part Resource Summary
---------------------------------------------------------------------------------
Part Resources:
DSPs: 3600 (col length:200)
BRAMs: 2940 (col length: RAMB18 200 RAMB36 100)
---------------------------------------------------------------------------------
Finished Part Resource Summary
---------------------------------------------------------------------------------
Start Parallel Synthesis Optimization  : Time (s): cpu = 00:00:21 ; elapsed = 00:00:22 . Memory (MB): peak = 1567.332 ; gain = 684.066 ; free physical = 7916 ; free virtual = 20284
---------------------------------------------------------------------------------
Start Cross Boundary Optimization
---------------------------------------------------------------------------------
---------------------------------------------------------------------------------
Finished Cross Boundary Optimization : Time (s): cpu = 00:00:21 ; elapsed = 00:00:22 . Memory (MB): peak = 1567.332 ; gain = 684.066 ; free physical = 7916 ; free virtual = 20284
---------------------------------------------------------------------------------
Finished Parallel Reinference  : Time (s): cpu = 00:00:21 ; elapsed = 00:00:22 . Memory (MB): peak = 1567.332 ; gain = 684.066 ; free physical = 7916 ; free virtual = 20284

Report RTL Partitions: 
+-+--------------+------------+----------+
| |RTL Partition |Replication |Instances |
+-+--------------+------------+----------+
+-+--------------+------------+----------+
---------------------------------------------------------------------------------
Start Area Optimization
---------------------------------------------------------------------------------
---------------------------------------------------------------------------------
Finished Area Optimization : Time (s): cpu = 00:00:21 ; elapsed = 00:00:22 . Memory (MB): peak = 1567.332 ; gain = 684.066 ; free physical = 7916 ; free virtual = 20284
---------------------------------------------------------------------------------
Finished Parallel Area Optimization  : Time (s): cpu = 00:00:21 ; elapsed = 00:00:22 . Memory (MB): peak = 1567.332 ; gain = 684.066 ; free physical = 7916 ; free virtual = 20284

Report RTL Partitions: 
+-+--------------+------------+----------+
| |RTL Partition |Replication |Instances |
+-+--------------+------------+----------+
+-+--------------+------------+----------+
Finished Parallel Synthesis Optimization  : Time (s): cpu = 00:00:21 ; elapsed = 00:00:22 . Memory (MB): peak = 1567.332 ; gain = 684.066 ; free physical = 7916 ; free virtual = 20284
---------------------------------------------------------------------------------
Start Timing Optimization
---------------------------------------------------------------------------------
---------------------------------------------------------------------------------
Start Applying XDC Timing Constraints
---------------------------------------------------------------------------------
---------------------------------------------------------------------------------
Finished Applying XDC Timing Constraints : Time (s): cpu = 00:00:30 ; elapsed = 00:00:31 . Memory (MB): peak = 1567.332 ; gain = 684.066 ; free physical = 9194 ; free virtual = 21562
---------------------------------------------------------------------------------
---------------------------------------------------------------------------------
Finished Timing Optimization : Time (s): cpu = 00:00:30 ; elapsed = 00:00:31 . Memory (MB): peak = 1567.332 ; gain = 684.066 ; free physical = 9194 ; free virtual = 21562
---------------------------------------------------------------------------------

Report RTL Partitions: 
+-+--------------+------------+----------+
| |RTL Partition |Replication |Instances |
+-+--------------+------------+----------+
+-+--------------+------------+----------+
---------------------------------------------------------------------------------
Start Technology Mapping
---------------------------------------------------------------------------------
---------------------------------------------------------------------------------
Finished Technology Mapping : Time (s): cpu = 00:00:30 ; elapsed = 00:00:31 . Memory (MB): peak = 1567.332 ; gain = 684.066 ; free physical = 9181 ; free virtual = 21549
---------------------------------------------------------------------------------

Report RTL Partitions: 
+-+--------------+------------+----------+
| |RTL Partition |Replication |Instances |
+-+--------------+------------+----------+
+-+--------------+------------+----------+
---------------------------------------------------------------------------------
Start IO Insertion
---------------------------------------------------------------------------------
---------------------------------------------------------------------------------
Start Final Netlist Cleanup
---------------------------------------------------------------------------------
---------------------------------------------------------------------------------
Finished Final Netlist Cleanup
---------------------------------------------------------------------------------
---------------------------------------------------------------------------------
Finished IO Insertion : Time (s): cpu = 00:00:30 ; elapsed = 00:00:31 . Memory (MB): peak = 1567.332 ; gain = 684.066 ; free physical = 9182 ; free virtual = 21550
---------------------------------------------------------------------------------

Report Check Netlist: 
+------+------------------+-------+---------+-------+------------------+
|      |Item              |Errors |Warnings |Status |Description       |
+------+------------------+-------+---------+-------+------------------+
|1     |multi_driven_nets |      0|        0|Passed |Multi driven nets |
+------+------------------+-------+---------+-------+------------------+
---------------------------------------------------------------------------------
Start Renaming Generated Instances
---------------------------------------------------------------------------------
---------------------------------------------------------------------------------
Finished Renaming Generated Instances : Time (s): cpu = 00:00:30 ; elapsed = 00:00:31 . Memory (MB): peak = 1567.332 ; gain = 684.066 ; free physical = 9182 ; free virtual = 21550
---------------------------------------------------------------------------------

Report RTL Partitions: 
+-+--------------+------------+----------+
| |RTL Partition |Replication |Instances |
+-+--------------+------------+----------+
+-+--------------+------------+----------+
---------------------------------------------------------------------------------
Start Rebuilding User Hierarchy
---------------------------------------------------------------------------------
---------------------------------------------------------------------------------
Finished Rebuilding User Hierarchy : Time (s): cpu = 00:00:30 ; elapsed = 00:00:31 . Memory (MB): peak = 1567.332 ; gain = 684.066 ; free physical = 9182 ; free virtual = 21550
---------------------------------------------------------------------------------
---------------------------------------------------------------------------------
Start Renaming Generated Ports : Time (s): cpu = 00:00:30 ; elapsed = 00:00:31 . Memory (MB): peak = 1567.332 ; gain = 684.066 ; free physical = 9182 ; free virtual = 21550
---------------------------------------------------------------------------------
---------------------------------------------------------------------------------
Finished Renaming Generated Ports : Time (s): cpu = 00:00:30 ; elapsed = 00:00:31 . Memory (MB): peak = 1567.332 ; gain = 684.066 ; free physical = 9182 ; free virtual = 21551
---------------------------------------------------------------------------------
---------------------------------------------------------------------------------
Start Writing Synthesis Report
---------------------------------------------------------------------------------

Report BlackBoxes: 
+-+--------------+----------+
| |BlackBox name |Instances |
+-+--------------+----------+
+-+--------------+----------+

Report Cell Usage: 
+------+--------+------+
|      |Cell    |Count |
+------+--------+------+
|1     |SRLC32E |     2|
|2     |FDRE    |     2|
+------+--------+------+
---------------------------------------------------------------------------------
Finished Writing Synthesis Report : Time (s): cpu = 00:00:30 ; elapsed = 00:00:31 . Memory (MB): peak = 1567.332 ; gain = 684.066 ; free physical = 9183 ; free virtual = 21551
---------------------------------------------------------------------------------
Synthesis finished with 0 errors, 0 critical warnings and 0 warnings.
Synthesis Optimization Runtime : Time (s): cpu = 00:00:17 ; elapsed = 00:00:17 . Memory (MB): peak = 1567.332 ; gain = 84.258 ; free physical = 9184 ; free virtual = 21552
Synthesis Optimization Complete : Time (s): cpu = 00:00:31 ; elapsed = 00:00:31 . Memory (MB): peak = 1567.332 ; gain = 684.066 ; free physical = 9184 ; free virtual = 21552
INFO: [Project 1-571] Translating synthesized netlist
INFO: [Project 1-570] Preparing netlist for logic optimization
Parsing XDC File [/home/xilinx/PRB/PRBF2_V6_32b_ila_V2_modtomeettiming_DelayPRBFrawto2_Zhendata_newformatting/PRBF2_V6_32b/PRBF2_V6_32b.srcs/sources_1/ip/c_shift_ram_20d_1b/c_shift_ram_20d_1b_ooc.xdc] for cell 'U0'
Finished Parsing XDC File [/home/xilinx/PRB/PRBF2_V6_32b_ila_V2_modtomeettiming_DelayPRBFrawto2_Zhendata_newformatting/PRBF2_V6_32b/PRBF2_V6_32b.srcs/sources_1/ip/c_shift_ram_20d_1b/c_shift_ram_20d_1b_ooc.xdc] for cell 'U0'
INFO: [Opt 31-138] Pushed 0 inverter(s) to 0 load pin(s).
INFO: [Project 1-111] Unisim Transformation Summary:
  A total of 1 instances were transformed.
  SRLC32E => SRL16E: 1 instances

INFO: [Common 17-83] Releasing license: Synthesis
24 Infos, 29 Warnings, 0 Critical Warnings and 0 Errors encountered.
synth_design completed successfully
synth_design: Time (s): cpu = 00:00:30 ; elapsed = 00:00:30 . Memory (MB): peak = 1567.332 ; gain = 575.605 ; free physical = 9183 ; free virtual = 21551
INFO: [Coretcl 2-1174] Renamed 3 cell refs.
report_utilization: Time (s): cpu = 00:00:00.10 ; elapsed = 00:00:00.14 . Memory (MB): peak = 1567.332 ; gain = 0.000 ; free physical = 9183 ; free virtual = 21551
INFO: [Common 17-206] Exiting Vivado at Wed Aug 31 15:57:33 2016...
