#-----------------------------------------------------------
# Vivado v2015.1 (64-bit)
# SW Build 1215546 on Mon Apr 27 19:07:21 MDT 2015
# IP Build 1209967 on Tue Apr 21 11:39:20 MDT 2015
# Start of session at: Thu Jul  7 22:10:02 2016
# Process ID: 32485
# Log file: /home/xilinx/PRB/PRBF2_V6_32b_ila_V2_modtomeettiming/PRBF2_V6_32b/PRBF2_V6_32b.srcs/sources_1/new/vivado.log
# Journal file: /home/xilinx/PRB/PRBF2_V6_32b_ila_V2_modtomeettiming/PRBF2_V6_32b/PRBF2_V6_32b.srcs/sources_1/new/vivado.jou
#-----------------------------------------------------------
start_gui
open_project /home/xilinx/PRB/PRBF2_V6_32b_ila_V2_modtomeettiming/PRBF2_V6_32b/PRBF2_V6_32b.xpr
INFO: [Project 1-313] Project file moved from '/home/xilinx/PRB/PRBF2_V6_32b_ila_V2_/PRBF2_V6_32b' since last save.
Scanning sources...
Finished scanning sources
INFO: [IP_Flow 19-234] Refreshing IP repositories
INFO: [IP_Flow 19-1704] No user IP repositories specified
INFO: [IP_Flow 19-2313] Loaded Vivado IP repository '/home/xilinx/Vivado/2015.1/data/ip'.
open_project: Time (s): cpu = 00:00:20 ; elapsed = 00:04:25 . Memory (MB): peak = 5946.262 ; gain = 189.648 ; free physical = 15390 ; free virtual = 37409
reset_run FIFO_sort_by_BX_synth_1
reset_run: Time (s): cpu = 00:00:00.65 ; elapsed = 00:00:24 . Memory (MB): peak = 5948.262 ; gain = 0.000 ; free physical = 15373 ; free virtual = 37392
reset_run FIFO_sort_by_layer_synth_1
reset_run: Time (s): cpu = 00:00:00.75 ; elapsed = 00:00:39 . Memory (MB): peak = 5948.262 ; gain = 0.000 ; free physical = 15373 ; free virtual = 37391
reset_run clk_wiz_0_synth_1
reset_run: Time (s): cpu = 00:00:00.48 ; elapsed = 00:00:29 . Memory (MB): peak = 5948.262 ; gain = 0.000 ; free physical = 15373 ; free virtual = 37391
reset_run fifo_TX_RX_synth_1
reset_run: Time (s): cpu = 00:00:00.81 ; elapsed = 00:00:23 . Memory (MB): peak = 5948.262 ; gain = 0.000 ; free physical = 15372 ; free virtual = 37389
reset_run ila_stub_synth_1
reset_run: Time (s): cpu = 00:00:00.51 ; elapsed = 00:00:40 . Memory (MB): peak = 5948.262 ; gain = 0.000 ; free physical = 15375 ; free virtual = 37390
reset_run synth_1
reset_run: Time (s): cpu = 00:00:01 ; elapsed = 00:00:41 . Memory (MB): peak = 5948.262 ; gain = 0.000 ; free physical = 15559 ; free virtual = 37393
launch_runs impl_1 -jobs 4
[Thu Jul  7 22:26:27 2016] Launched FIFO_sort_by_BX_synth_1, FIFO_sort_by_layer_synth_1, clk_wiz_0_synth_1, fifo_TX_RX_synth_1, ila_stub_synth_1, synth_1...
Run output will be captured here:
FIFO_sort_by_BX_synth_1: /home/xilinx/PRB/PRBF2_V6_32b_ila_V2_modtomeettiming/PRBF2_V6_32b/PRBF2_V6_32b.runs/FIFO_sort_by_BX_synth_1/runme.log
FIFO_sort_by_layer_synth_1: /home/xilinx/PRB/PRBF2_V6_32b_ila_V2_modtomeettiming/PRBF2_V6_32b/PRBF2_V6_32b.runs/FIFO_sort_by_layer_synth_1/runme.log
clk_wiz_0_synth_1: /home/xilinx/PRB/PRBF2_V6_32b_ila_V2_modtomeettiming/PRBF2_V6_32b/PRBF2_V6_32b.runs/clk_wiz_0_synth_1/runme.log
fifo_TX_RX_synth_1: /home/xilinx/PRB/PRBF2_V6_32b_ila_V2_modtomeettiming/PRBF2_V6_32b/PRBF2_V6_32b.runs/fifo_TX_RX_synth_1/runme.log
ila_stub_synth_1: /home/xilinx/PRB/PRBF2_V6_32b_ila_V2_modtomeettiming/PRBF2_V6_32b/PRBF2_V6_32b.runs/ila_stub_synth_1/runme.log
synth_1: /home/xilinx/PRB/PRBF2_V6_32b_ila_V2_modtomeettiming/PRBF2_V6_32b/PRBF2_V6_32b.runs/synth_1/runme.log
[Thu Jul  7 22:27:12 2016] Launched impl_1...
Run output will be captured here: /home/xilinx/PRB/PRBF2_V6_32b_ila_V2_modtomeettiming/PRBF2_V6_32b/PRBF2_V6_32b.runs/impl_1/runme.log
launch_runs: Time (s): cpu = 00:00:03 ; elapsed = 00:01:26 . Memory (MB): peak = 5948.266 ; gain = 0.004 ; free physical = 14172 ; free virtual = 36004
WARNING: [IP_Flow 19-4067] Ignoring invalid widget type specified checkbox.Providing a default widget
WARNING: [IP_Flow 19-4067] Ignoring invalid widget type specified checkbox.Providing a default widget
set_property -dict [list CONFIG.C_PROBE0_WIDTH {1}] [get_ips ila_stub]
generate_target all [get_files  /home/xilinx/PRB/PRBF2_V6_32b_ila_V2_modtomeettiming/PRBF2_V6_32b/PRBF2_V6_32b.srcs/sources_1/ip/ila_stub/ila_stub.xci]
INFO: [IP_Flow 19-1686] Generating 'Instantiation Template' target for IP 'ila_stub'...
INFO: [IP_Flow 19-1686] Generating 'Synthesis' target for IP 'ila_stub'...
INFO: [IP_Flow 19-1686] Generating 'Simulation' target for IP 'ila_stub'...
INFO: [IP_Flow 19-1686] Generating 'Change Log' target for IP 'ila_stub'...
generate_target: Time (s): cpu = 00:00:00.74 ; elapsed = 00:00:08 . Memory (MB): peak = 5992.027 ; gain = 0.000 ; free physical = 15517 ; free virtual = 37357
reset_run ila_stub_synth_1
launch_run -jobs 4 ila_stub_synth_1
[Thu Jul  7 23:08:49 2016] Launched ila_stub_synth_1...
Run output will be captured here: /home/xilinx/PRB/PRBF2_V6_32b_ila_V2_modtomeettiming/PRBF2_V6_32b/PRBF2_V6_32b.runs/ila_stub_synth_1/runme.log
reset_run synth_1
launch_runs impl_1 -to_step write_bitstream
[Thu Jul  7 23:12:38 2016] Launched synth_1...
Run output will be captured here: /home/xilinx/PRB/PRBF2_V6_32b_ila_V2_modtomeettiming/PRBF2_V6_32b/PRBF2_V6_32b.runs/synth_1/runme.log
[Thu Jul  7 23:12:38 2016] Launched impl_1...
Run output will be captured here: /home/xilinx/PRB/PRBF2_V6_32b_ila_V2_modtomeettiming/PRBF2_V6_32b/PRBF2_V6_32b.runs/impl_1/runme.log
open_run impl_1
INFO: [Netlist 29-17] Analyzing 64 Unisim elements for replacement
INFO: [Netlist 29-28] Unisim Transformation completed in 0 CPU seconds
INFO: [Project 1-479] Netlist was created with Vivado 2015.1
INFO: [Device 21-403] Loading part xc7vx690tffg1927-2
INFO: [Project 1-570] Preparing netlist for logic optimization
WARNING: [Constraints 18-550] Could not create 'IBUF_LOW_PWR' constraint because net 'I_pll/clk_in1' is not directly connected to top level port. 'IBUF_LOW_PWR' is ignored by Vivado but preserved for implementation tool. [/home/xilinx/PRB/PRBF2_V6_32b_ila_V2_modtomeettiming/PRBF2_V6_32b/PRBF2_V6_32b.runs/impl_1/.Xil/Vivado-4169-nuhep-75.phys.northwestern.edu/dcp_4/clk_wiz_0.edf:255]
INFO: [Common 17-41] Interrupt caught. Command should exit soon.
Parsing XDC File [/home/xilinx/PRB/PRBF2_V6_32b_ila_V2_modtomeettiming/PRBF2_V6_32b/PRBF2_V6_32b.srcs/sources_1/new/.Xil/Vivado-32485-nuhep-75.phys.northwestern.edu/dcp/PRBF2_TOP_early.xdc]
Finished Parsing XDC File [/home/xilinx/PRB/PRBF2_V6_32b_ila_V2_modtomeettiming/PRBF2_V6_32b/PRBF2_V6_32b.srcs/sources_1/new/.Xil/Vivado-32485-nuhep-75.phys.northwestern.edu/dcp/PRBF2_TOP_early.xdc]
Parsing XDC File [/home/xilinx/PRB/PRBF2_V6_32b_ila_V2_modtomeettiming/PRBF2_V6_32b/PRBF2_V6_32b.srcs/sources_1/new/.Xil/Vivado-32485-nuhep-75.phys.northwestern.edu/dcp/PRBF2_TOP.xdc]
Finished Parsing XDC File [/home/xilinx/PRB/PRBF2_V6_32b_ila_V2_modtomeettiming/PRBF2_V6_32b/PRBF2_V6_32b.srcs/sources_1/new/.Xil/Vivado-32485-nuhep-75.phys.northwestern.edu/dcp/PRBF2_TOP.xdc]
Parsing XDC File [/home/xilinx/PRB/PRBF2_V6_32b_ila_V2_modtomeettiming/PRBF2_V6_32b/PRBF2_V6_32b.srcs/sources_1/new/.Xil/Vivado-32485-nuhep-75.phys.northwestern.edu/dcp/PRBF2_TOP_late.xdc]
Finished Parsing XDC File [/home/xilinx/PRB/PRBF2_V6_32b_ila_V2_modtomeettiming/PRBF2_V6_32b/PRBF2_V6_32b.srcs/sources_1/new/.Xil/Vivado-32485-nuhep-75.phys.northwestern.edu/dcp/PRBF2_TOP_late.xdc]
Reading XDEF placement.
Reading placer database...
Reading XDEF routing.
Restored from archive | CPU: 0.150000 secs | Memory: 14.659653 MB |
Finished XDEF File Restore: Time (s): cpu = 00:00:00.14 ; elapsed = 00:00:00.08 . Memory (MB): peak = 6493.492 ; gain = 17.328 ; free physical = 15031 ; free virtual = 36940
open_run: Time (s): cpu = 00:00:13 ; elapsed = 00:00:11 . Memory (MB): peak = 6499.148 ; gain = 492.535 ; free physical = 15036 ; free virtual = 36932
INFO: [Common 17-344] 'open_run' was cancelled
close_project
****** Webtalk v2015.1 (64-bit)
  **** SW Build 1215546 on Mon Apr 27 19:07:21 MDT 2015
  **** IP Build 1209967 on Tue Apr 21 11:39:20 MDT 2015
    ** Copyright 1986-2015 Xilinx, Inc. All Rights Reserved.

source /home/xilinx/PRB/PRBF2_V6_32b_ila_V2_modtomeettiming/PRBF2_V6_32b/PRBF2_V6_32b.hw/webtalk/labtool_webtalk.tcl -notrace
INFO: [Common 17-186] '/home/xilinx/PRB/PRBF2_V6_32b_ila_V2_modtomeettiming/PRBF2_V6_32b/PRBF2_V6_32b.hw/webtalk/usage_statistics_ext_labtool.xml' has been successfully sent to Xilinx on Thu Jul  7 23:56:33 2016. For additional details about this file, please refer to the WebTalk help file at /home/xilinx/Vivado/2015.1/doc/webtalk_introduction.html.
INFO: [Common 17-206] Exiting Webtalk at Thu Jul  7 23:56:33 2016...
close_project: Time (s): cpu = 00:00:02 ; elapsed = 00:00:28 . Memory (MB): peak = 6499.152 ; gain = 0.000 ; free physical = 15034 ; free virtual = 36931
open_project /home/xilinx/PRB/aurora64b66b_40trans_2gtinstances_PRBF2IPmodtomeettiming_20062016_allsignalshortcircuited_4clkreplicainPRBF/newtop/newtop.xpr
Scanning sources...
Finished scanning sources
INFO: [IP_Flow 19-234] Refreshing IP repositories
INFO: [IP_Flow 19-1700] Loaded user IP repository '/home/xilinx/PRB/aurora64b66b_40trans_2gtinstances_PRBF2IPmodtomeettiming_20062016_allsignalshortcircuited_4clkreplicainPRBF/gtwizard_0_example'.
INFO: [IP_Flow 19-1700] Loaded user IP repository '/home/xilinx/PRB/aurora64b66b_40trans_2gtinstances_PRBF2IPmodtomeettiming_20062016_allsignalshortcircuited_4clkreplicainPRBF/gtwizard_1_example'.
INFO: [IP_Flow 19-1700] Loaded user IP repository '/home/xilinx/PRB/PRBF2_V6_32b_IP_V2_modtomeettiming_moremod/PRBF2_V6_32b/PRBF2_V6_32b.srcs'.
INFO: [IP_Flow 19-2313] Loaded Vivado IP repository '/home/xilinx/Vivado/2015.1/data/ip'.
open_project: Time (s): cpu = 00:00:18 ; elapsed = 00:03:57 . Memory (MB): peak = 6499.152 ; gain = 0.000 ; free physical = 14992 ; free virtual = 36888
launch_runs impl_1 -to_step write_bitstream
[Fri Jul  8 00:07:40 2016] Launched impl_1...
Run output will be captured here: /home/xilinx/PRB/aurora64b66b_40trans_2gtinstances_PRBF2IPmodtomeettiming_20062016_allsignalshortcircuited_4clkreplicainPRBF/newtop/newtop.runs/impl_1/runme.log
launch_runs: Time (s): cpu = 00:00:00.07 ; elapsed = 00:00:05 . Memory (MB): peak = 6499.152 ; gain = 0.000 ; free physical = 14993 ; free virtual = 36889
reset_run impl_1 -prev_step 
reset_run: Time (s): cpu = 00:00:00.36 ; elapsed = 00:00:29 . Memory (MB): peak = 6499.152 ; gain = 0.000 ; free physical = 14673 ; free virtual = 36878
reset_run synth_1
reset_run: Time (s): cpu = 00:00:02 ; elapsed = 00:00:41 . Memory (MB): peak = 6499.152 ; gain = 0.000 ; free physical = 15168 ; free virtual = 36877
launch_runs impl_1 -to_step write_bitstream
[Fri Jul  8 00:17:25 2016] Launched synth_1...
Run output will be captured here: /home/xilinx/PRB/aurora64b66b_40trans_2gtinstances_PRBF2IPmodtomeettiming_20062016_allsignalshortcircuited_4clkreplicainPRBF/newtop/newtop.runs/synth_1/runme.log
[Fri Jul  8 00:17:25 2016] Launched impl_1...
Run output will be captured here: /home/xilinx/PRB/aurora64b66b_40trans_2gtinstances_PRBF2IPmodtomeettiming_20062016_allsignalshortcircuited_4clkreplicainPRBF/newtop/newtop.runs/impl_1/runme.log
launch_runs: Time (s): cpu = 00:00:00.38 ; elapsed = 00:00:42 . Memory (MB): peak = 6499.152 ; gain = 0.000 ; free physical = 14991 ; free virtual = 36724
